2026-02-03 00:20:11,405 DEBUG    root            Loaded Command Group: ['gcloud', 'services']
2026-02-03 00:20:11,543 DEBUG    root            Loaded Command Group: ['gcloud', 'services', 'list']
2026-02-03 00:20:11,547 DEBUG    root            Running [gcloud.services.list] with arguments: [--enabled: "True", --filter: "NAME=dataproc.googleapis.com", --project: "ninth-osprey-302317"]
2026-02-03 00:20:11,768 DEBUG    root            Chosen display Format:
          table(
            config.name:label=NAME:sort=1,
            config.title
          )
        
2026-02-03 00:20:11,769 INFO     root            Display format: "
          table(
            config.name:label=NAME:sort=1,
            config.title
          )
        "
2026-02-03 00:20:11,772 DEBUG    urllib3.connectionpool Starting new HTTPS connection (1): serviceusage.googleapis.com:443
2026-02-03 00:20:12,369 DEBUG    urllib3.connectionpool https://serviceusage.googleapis.com:443 "GET /v1/projects/ninth-osprey-302317/services?alt=json&filter=state%3AENABLED&pageSize=200 HTTP/11" 200 None
2026-02-03 00:20:12,494 INFO     ___FILE_ONLY___ NAME
2026-02-03 00:20:12,494 INFO     ___FILE_ONLY___                      
2026-02-03 00:20:12,494 INFO     ___FILE_ONLY___ TITLE
2026-02-03 00:20:12,494 INFO     ___FILE_ONLY___ 

2026-02-03 00:20:12,494 INFO     ___FILE_ONLY___ dataproc.googleapis.com
2026-02-03 00:20:12,494 INFO     ___FILE_ONLY___   
2026-02-03 00:20:12,494 INFO     ___FILE_ONLY___ Cloud Dataproc API
2026-02-03 00:20:12,494 INFO     ___FILE_ONLY___ 

2026-02-03 00:20:12,500 DEBUG    root            SDK update checks are disabled.
