2026-02-03 00:20:09,698 DEBUG    root            Loaded Command Group: ['gcloud', 'auth']
2026-02-03 00:20:09,700 DEBUG    root            Loaded Command Group: ['gcloud', 'auth', 'configure_docker']
2026-02-03 00:20:09,702 DEBUG    root            Running [gcloud.auth.configure-docker] with arguments: [--quiet: "True"]
2026-02-03 00:20:09,723 WARNING  root            Your config file at [/home/jupyter/.docker/config.json] contains these credential helper entries:

{
  "credHelpers": {
    "gcr.io": "gcloud",
    "us.gcr.io": "gcloud",
    "eu.gcr.io": "gcloud",
    "asia.gcr.io": "gcloud",
    "staging-k8s.gcr.io": "gcloud",
    "marketplace.gcr.io": "gcloud"
  }
}
2026-02-03 00:20:09,723 INFO     ___FILE_ONLY___ Adding credentials for all GCR repositories.

2026-02-03 00:20:09,723 WARNING  root            A long list of credential helpers may cause delays running 'docker build'. We recommend passing the registry name to configure only the registry you are using.
2026-02-03 00:20:09,723 INFO     ___FILE_ONLY___ gcloud credential helpers already registered correctly.

2026-02-03 00:20:09,724 DEBUG    root            Chosen display Format:default
2026-02-03 00:20:09,724 INFO     root            Display format: "default"
2026-02-03 00:20:09,752 DEBUG    root            SDK update checks are disabled.
